WARNING: tb_debug_mmio.v:38: $readmemh(src0_irom.hex): Not enough words in the file for the requested range [0:4095].
WARNING: tb_debug_mmio.v:39: $readmemh(src0_dram.hex): Not enough words in the file for the requested range [0:65535].
[PASS_CNT] cycle=46  pass_count: 0 -> 1  PC=0x80001184
[PASS_CNT] cycle=69  pass_count: 1 -> 2  PC=0x80001188
[PASS_CNT] cycle=95  pass_count: 2 -> 3  PC=0x8000118c
[PASS_CNT] cycle=116  pass_count: 3 -> 4  PC=0x80001190
[PASS_CNT] cycle=139  pass_count: 4 -> 5  PC=0x80001194
[PASS_CNT] cycle=166  pass_count: 5 -> 6  PC=0x80001198
[PASS_CNT] cycle=188  pass_count: 6 -> 7  PC=0x8000119c
[PASS_CNT] cycle=210  pass_count: 7 -> 8  PC=0x800011a0
[PASS_CNT] cycle=233  pass_count: 8 -> 9  PC=0x800011a4
[PASS_CNT] cycle=260  pass_count: 9 -> 10  PC=0x800011a8
[PASS_CNT] cycle=275  pass_count: 10 -> 11  PC=0x800011ac
[PASS_CNT] cycle=294  pass_count: 11 -> 12  PC=0x800011b0
[PASS_CNT] cycle=322  pass_count: 12 -> 13  PC=0x800011b4
[PASS_CNT] cycle=341  pass_count: 13 -> 14  PC=0x800011b8
[PASS_CNT] cycle=362  pass_count: 14 -> 15  PC=0x800011bc
[PASS_CNT] cycle=383  pass_count: 15 -> 16  PC=0x800011c0
[PASS_CNT] cycle=402  pass_count: 16 -> 17  PC=0x800011c4
[PASS_CNT] cycle=424  pass_count: 17 -> 18  PC=0x800011c8
[PASS_CNT] cycle=444  pass_count: 18 -> 19  PC=0x800011cc
[PASS_CNT] cycle=465  pass_count: 19 -> 20  PC=0x800011d0
[PASS_CNT] cycle=485  pass_count: 20 -> 21  PC=0x800011d4
[PASS_CNT] cycle=510  pass_count: 21 -> 22  PC=0x80001a40
[PASS_CNT] cycle=532  pass_count: 22 -> 23  PC=0x800011dc
[PASS_CNT] cycle=566  pass_count: 23 -> 24  PC=0x800011e0
[PASS_CNT] cycle=593  pass_count: 24 -> 25  PC=0x800011e4
[PASS_CNT] cycle=613  pass_count: 25 -> 26  PC=0x800011e8
[PASS_CNT] cycle=635  pass_count: 26 -> 27  PC=0x800011ec
[PASS_CNT] cycle=653  pass_count: 27 -> 28  PC=0x800011f0
[PASS_CNT] cycle=673  pass_count: 28 -> 29  PC=0x800011f4
[PASS_CNT] cycle=694  pass_count: 29 -> 30  PC=0x800011f8
[PASS_CNT] cycle=714  pass_count: 30 -> 31  PC=0x800011fc
[PASS_CNT] cycle=734  pass_count: 31 -> 32  PC=0x80001200
[PASS_CNT] cycle=754  pass_count: 32 -> 33  PC=0x80001204
[PASS_CNT] cycle=774  pass_count: 33 -> 34  PC=0x80001208
[PASS_CNT] cycle=794  pass_count: 34 -> 35  PC=0x8000120c
[PASS_CNT] cycle=811  pass_count: 35 -> 36  PC=0x80001210
[PASS_CNT] cycle=840  pass_count: 36 -> 37  PC=0x80001ef8
[MMIO] cycle=1102 PC=0x80000144  SEG write: 0x37000000
[MMIO] cycle=1129 PC=0x80000364  CNT write: 0x80000000 (START)
[MMIO] cycle=1142 PC=0x80000364  CNT write: 0x80000000 (START)
[MMIO] cycle=1155 PC=0x80000364  CNT write: 0x80000000 (START)
[MMIO] cycle=1168 PC=0x80000364  CNT write: 0x80000000 (START)
[MMIO] cycle=1181 PC=0x80000364  CNT write: 0x80000000 (START)
[MMIO] cycle=1194 PC=0x80000364  CNT write: 0x80000000 (START)
[MMIO] cycle=1207 PC=0x80000364  CNT write: 0x80000000 (START)
[MMIO] cycle=1220 PC=0x80000364  CNT write: 0x80000000 (START)
[MMIO] cycle=1233 PC=0x80000364  CNT write: 0x80000000 (START)
[MMIO] cycle=1246 PC=0x80000364  CNT write: 0x80000000 (START)
